2023/10/11 14:55:42.144 [I] [proc.go:6498]  ========redis连接初始化========
2023/10/11 14:56:57.144 [E] [proc.go:6498]  redis初始化失败
2023/10/11 14:56:57.173 [E] [parser.go:147]  Invalid @Param format. Needs at least 4 parameters
2023/10/11 14:56:57.173 [E] [parser.go:147]  Invalid @Param format. Needs at least 4 parameters
2023/10/11 14:56:57.173 [E] [parser.go:147]  Invalid @Param format. Needs at least 4 parameters
2023/10/11 14:56:57.173 [E] [parser.go:147]  Invalid @Param format. Needs at least 4 parameters
2023/10/11 14:56:57.173 [E] [parser.go:147]  Invalid @Param format. Needs at least 4 parameters
2023/10/11 14:56:57.173 [E] [parser.go:147]  Invalid @Param format. Needs at least 4 parameters
2023/10/11 14:56:57.173 [E] [parser.go:147]  Invalid @Param format. Needs at least 4 parameters
2023/10/11 14:56:57.173 [E] [parser.go:147]  Invalid @Param format. Needs at least 4 parameters
2023/10/11 14:56:57.173 [E] [parser.go:147]  Invalid @Param format. Needs at least 4 parameters
2023/10/11 14:56:57.173 [E] [parser.go:147]  Invalid @Param format. Needs at least 4 parameters
2023/10/11 14:56:57.173 [E] [parser.go:147]  Invalid @Param format. Needs at least 4 parameters
2023/10/11 14:56:57.173 [E] [parser.go:147]  Invalid @Param format. Needs at least 4 parameters
2023/10/11 14:56:57.173 [E] [parser.go:147]  Invalid @Param format. Needs at least 4 parameters
2023/10/11 14:56:57.173 [E] [parser.go:147]  Invalid @Param format. Needs at least 4 parameters
2023/10/11 14:56:57.174 [E] [parser.go:147]  Invalid @Param format. Needs at least 4 parameters
2023/10/11 14:56:57.174 [E] [parser.go:147]  Invalid @Param format. Needs at least 4 parameters
2023/10/11 14:56:57.175 [E] [parser.go:147]  Invalid @Param format. Needs at least 4 parameters
2023/10/11 14:56:57.175 [E] [parser.go:147]  Invalid @Param format. Needs at least 4 parameters
2023/10/11 14:56:57.175 [E] [parser.go:147]  Invalid @Param format. Needs at least 4 parameters
2023/10/11 14:56:57.175 [E] [parser.go:147]  Invalid @Param format. Needs at least 4 parameters
2023/10/11 14:56:57.175 [E] [parser.go:147]  Invalid @Param format. Needs at least 4 parameters
2023/10/11 14:56:57.175 [E] [parser.go:147]  Invalid @Param format. Needs at least 4 parameters
2023/10/11 14:56:57.175 [E] [parser.go:147]  Invalid @Param format. Needs at least 4 parameters
2023/10/11 14:56:57.175 [E] [parser.go:147]  Invalid @Param format. Needs at least 4 parameters
2023/10/11 14:56:57.175 [E] [parser.go:147]  Invalid @Param format. Needs at least 4 parameters
2023/10/11 14:56:57.175 [E] [parser.go:147]  Invalid @Param format. Needs at least 4 parameters
2023/10/11 14:56:57.175 [E] [parser.go:147]  Invalid @Param format. Needs at least 4 parameters
2023/10/11 14:56:57.176 [E] [parser.go:147]  Invalid @Param format. Needs at least 4 parameters
2023/10/11 14:56:57.176 [E] [parser.go:147]  Invalid @Param format. Needs at least 4 parameters
2023/10/11 14:56:57.176 [E] [parser.go:147]  Invalid @Param format. Needs at least 4 parameters
2023/10/11 14:56:57.176 [E] [parser.go:147]  Invalid @Param format. Needs at least 4 parameters
2023/10/11 14:56:57.176 [E] [parser.go:147]  Invalid @Param format. Needs at least 4 parameters
2023/10/11 14:56:57.176 [E] [parser.go:147]  Invalid @Param format. Needs at least 4 parameters
2023/10/11 14:56:57.177 [E] [parser.go:147]  Invalid @Param format. Needs at least 4 parameters
2023/10/11 14:56:57.177 [E] [parser.go:147]  Invalid @Param format. Needs at least 4 parameters
2023/10/11 14:56:57.177 [E] [parser.go:147]  Invalid @Param format. Needs at least 4 parameters
2023/10/11 14:56:57.177 [E] [parser.go:147]  Invalid @Param format. Needs at least 4 parameters
2023/10/11 14:56:57.177 [E] [parser.go:147]  Invalid @Param format. Needs at least 4 parameters
2023/10/11 14:56:57.177 [E] [parser.go:147]  Invalid @Param format. Needs at least 4 parameters
2023/10/11 14:56:57.178 [I] [parser.go:112]  generate router from comments
2023/10/11 14:56:57.189 [I] [router.go:269]  /Users/zhanbaohua/go_work/szyx_back/controllers no changed
2023/10/11 14:56:57.189 [I] [router.go:269]  /Users/zhanbaohua/go_work/szyx_back/controllers no changed
2023/10/11 14:56:57.190 [I] [router.go:269]  /Users/zhanbaohua/go_work/szyx_back/controllers no changed
2023/10/11 14:56:57.190 [I] [router.go:269]  /Users/zhanbaohua/go_work/szyx_back/controllers no changed
2023/10/11 14:56:57.190 [I] [router.go:269]  /Users/zhanbaohua/go_work/szyx_back/controllers no changed
2023/10/11 14:56:57.191 [I] [router.go:269]  /Users/zhanbaohua/go_work/szyx_back/controllers no changed
2023/10/11 14:56:57.191 [I] [router.go:269]  /Users/zhanbaohua/go_work/szyx_back/controllers no changed
2023/10/11 14:56:57.192 [I] [router.go:269]  /Users/zhanbaohua/go_work/szyx_back/controllers no changed
2023/10/11 14:56:57.192 [I] [router.go:269]  /Users/zhanbaohua/go_work/szyx_back/controllers no changed
2023/10/11 14:56:57.192 [I] [router.go:269]  /Users/zhanbaohua/go_work/szyx_back/controllers no changed
2023/10/11 14:56:57.193 [I] [router.go:269]  /Users/zhanbaohua/go_work/szyx_back/controllers no changed
2023/10/11 14:56:57.193 [I] [router.go:269]  /Users/zhanbaohua/go_work/szyx_back/controllers no changed
2023/10/11 14:56:57.194 [I] [router.go:269]  /Users/zhanbaohua/go_work/szyx_back/controllers no changed
2023/10/11 14:56:57.194 [I] [router.go:269]  /Users/zhanbaohua/go_work/szyx_back/controllers no changed
2023/10/11 14:56:57.194 [I] [router.go:269]  /Users/zhanbaohua/go_work/szyx_back/controllers no changed
2023/10/11 14:56:57.195 [I] [router.go:269]  /Users/zhanbaohua/go_work/szyx_back/controllers no changed
2023/10/11 14:56:57.195 [I] [router.go:269]  /Users/zhanbaohua/go_work/szyx_back/controllers no changed
2023/10/11 14:56:57.196 [I] [router.go:269]  /Users/zhanbaohua/go_work/szyx_back/controllers no changed
2023/10/11 14:58:01.009 [I] [proc.go:6498]  ========redis连接初始化========
2023/10/11 14:59:16.011 [E] [proc.go:6498]  redis初始化失败
2023/10/11 14:59:16.038 [E] [parser.go:147]  Invalid @Param format. Needs at least 4 parameters
2023/10/11 14:59:16.038 [E] [parser.go:147]  Invalid @Param format. Needs at least 4 parameters
2023/10/11 14:59:16.038 [E] [parser.go:147]  Invalid @Param format. Needs at least 4 parameters
2023/10/11 14:59:16.038 [E] [parser.go:147]  Invalid @Param format. Needs at least 4 parameters
2023/10/11 14:59:16.038 [E] [parser.go:147]  Invalid @Param format. Needs at least 4 parameters
2023/10/11 14:59:16.038 [E] [parser.go:147]  Invalid @Param format. Needs at least 4 parameters
2023/10/11 14:59:16.038 [E] [parser.go:147]  Invalid @Param format. Needs at least 4 parameters
2023/10/11 14:59:16.038 [E] [parser.go:147]  Invalid @Param format. Needs at least 4 parameters
2023/10/11 14:59:16.038 [E] [parser.go:147]  Invalid @Param format. Needs at least 4 parameters
2023/10/11 14:59:16.038 [E] [parser.go:147]  Invalid @Param format. Needs at least 4 parameters
2023/10/11 14:59:16.038 [E] [parser.go:147]  Invalid @Param format. Needs at least 4 parameters
2023/10/11 14:59:16.038 [E] [parser.go:147]  Invalid @Param format. Needs at least 4 parameters
2023/10/11 14:59:16.038 [E] [parser.go:147]  Invalid @Param format. Needs at least 4 parameters
2023/10/11 14:59:16.039 [E] [parser.go:147]  Invalid @Param format. Needs at least 4 parameters
2023/10/11 14:59:16.039 [E] [parser.go:147]  Invalid @Param format. Needs at least 4 parameters
2023/10/11 14:59:16.040 [E] [parser.go:147]  Invalid @Param format. Needs at least 4 parameters
2023/10/11 14:59:16.040 [E] [parser.go:147]  Invalid @Param format. Needs at least 4 parameters
2023/10/11 14:59:16.040 [E] [parser.go:147]  Invalid @Param format. Needs at least 4 parameters
2023/10/11 14:59:16.040 [E] [parser.go:147]  Invalid @Param format. Needs at least 4 parameters
2023/10/11 14:59:16.040 [E] [parser.go:147]  Invalid @Param format. Needs at least 4 parameters
2023/10/11 14:59:16.040 [E] [parser.go:147]  Invalid @Param format. Needs at least 4 parameters
2023/10/11 14:59:16.040 [E] [parser.go:147]  Invalid @Param format. Needs at least 4 parameters
2023/10/11 14:59:16.040 [E] [parser.go:147]  Invalid @Param format. Needs at least 4 parameters
2023/10/11 14:59:16.040 [E] [parser.go:147]  Invalid @Param format. Needs at least 4 parameters
2023/10/11 14:59:16.040 [E] [parser.go:147]  Invalid @Param format. Needs at least 4 parameters
2023/10/11 14:59:16.040 [E] [parser.go:147]  Invalid @Param format. Needs at least 4 parameters
2023/10/11 14:59:16.040 [E] [parser.go:147]  Invalid @Param format. Needs at least 4 parameters
2023/10/11 14:59:16.040 [E] [parser.go:147]  Invalid @Param format. Needs at least 4 parameters
2023/10/11 14:59:16.042 [E] [parser.go:147]  Invalid @Param format. Needs at least 4 parameters
2023/10/11 14:59:16.042 [E] [parser.go:147]  Invalid @Param format. Needs at least 4 parameters
2023/10/11 14:59:16.042 [E] [parser.go:147]  Invalid @Param format. Needs at least 4 parameters
2023/10/11 14:59:16.042 [E] [parser.go:147]  Invalid @Param format. Needs at least 4 parameters
2023/10/11 14:59:16.042 [E] [parser.go:147]  Invalid @Param format. Needs at least 4 parameters
2023/10/11 14:59:16.042 [E] [parser.go:147]  Invalid @Param format. Needs at least 4 parameters
2023/10/11 14:59:16.042 [E] [parser.go:147]  Invalid @Param format. Needs at least 4 parameters
2023/10/11 14:59:16.042 [E] [parser.go:147]  Invalid @Param format. Needs at least 4 parameters
2023/10/11 14:59:16.042 [E] [parser.go:147]  Invalid @Param format. Needs at least 4 parameters
2023/10/11 14:59:16.042 [E] [parser.go:147]  Invalid @Param format. Needs at least 4 parameters
2023/10/11 14:59:16.042 [E] [parser.go:147]  Invalid @Param format. Needs at least 4 parameters
2023/10/11 14:59:16.043 [I] [parser.go:112]  generate router from comments
2023/10/11 14:59:16.052 [I] [router.go:269]  /Users/zhanbaohua/go_work/szyx_back/controllers no changed
2023/10/11 14:59:16.052 [I] [router.go:269]  /Users/zhanbaohua/go_work/szyx_back/controllers no changed
2023/10/11 14:59:16.052 [I] [router.go:269]  /Users/zhanbaohua/go_work/szyx_back/controllers no changed
2023/10/11 14:59:16.053 [I] [router.go:269]  /Users/zhanbaohua/go_work/szyx_back/controllers no changed
2023/10/11 14:59:16.053 [I] [router.go:269]  /Users/zhanbaohua/go_work/szyx_back/controllers no changed
2023/10/11 14:59:16.053 [I] [router.go:269]  /Users/zhanbaohua/go_work/szyx_back/controllers no changed
2023/10/11 14:59:16.054 [I] [router.go:269]  /Users/zhanbaohua/go_work/szyx_back/controllers no changed
2023/10/11 14:59:16.054 [I] [router.go:269]  /Users/zhanbaohua/go_work/szyx_back/controllers no changed
2023/10/11 14:59:16.055 [I] [router.go:269]  /Users/zhanbaohua/go_work/szyx_back/controllers no changed
2023/10/11 14:59:16.055 [I] [router.go:269]  /Users/zhanbaohua/go_work/szyx_back/controllers no changed
2023/10/11 14:59:16.055 [I] [router.go:269]  /Users/zhanbaohua/go_work/szyx_back/controllers no changed
2023/10/11 14:59:16.056 [I] [router.go:269]  /Users/zhanbaohua/go_work/szyx_back/controllers no changed
2023/10/11 14:59:16.056 [I] [router.go:269]  /Users/zhanbaohua/go_work/szyx_back/controllers no changed
2023/10/11 14:59:16.056 [I] [router.go:269]  /Users/zhanbaohua/go_work/szyx_back/controllers no changed
2023/10/11 14:59:16.057 [I] [router.go:269]  /Users/zhanbaohua/go_work/szyx_back/controllers no changed
2023/10/11 14:59:16.057 [I] [router.go:269]  /Users/zhanbaohua/go_work/szyx_back/controllers no changed
2023/10/11 14:59:16.057 [I] [router.go:269]  /Users/zhanbaohua/go_work/szyx_back/controllers no changed
2023/10/11 14:59:16.058 [I] [router.go:269]  /Users/zhanbaohua/go_work/szyx_back/controllers no changed
2023/10/11 14:59:16.058 [I] [router.go:269]  /Users/zhanbaohua/go_work/szyx_back/controllers no changed
2023/10/11 14:59:16.058 [I] [router.go:269]  /Users/zhanbaohua/go_work/szyx_back/controllers no changed
2023/10/11 14:59:16.059 [I] [router.go:269]  /Users/zhanbaohua/go_work/szyx_back/controllers no changed
2023/10/11 14:59:16.059 [I] [router.go:269]  /Users/zhanbaohua/go_work/szyx_back/controllers no changed
2023/10/11 14:59:16.060 [I] [router.go:269]  /Users/zhanbaohua/go_work/szyx_back/controllers no changed
2023/10/11 14:59:16.060 [I] [router.go:269]  /Users/zhanbaohua/go_work/szyx_back/controllers no changed
2023/10/11 14:59:16.060 [I] [router.go:269]  /Users/zhanbaohua/go_work/szyx_back/controllers no changed
2023/10/11 14:59:16.061 [I] [router.go:269]  /Users/zhanbaohua/go_work/szyx_back/controllers no changed
2023/10/11 14:59:16.061 [I] [router.go:269]  /Users/zhanbaohua/go_work/szyx_back/controllers no changed
2023/10/11 14:59:16.061 [I] [router.go:269]  /Users/zhanbaohua/go_work/szyx_back/controllers no changed
2023/10/11 14:59:16.062 [I] [router.go:269]  /Users/zhanbaohua/go_work/szyx_back/controllers no changed
2023/10/11 14:59:16.062 [I] [router.go:269]  /Users/zhanbaohua/go_work/szyx_back/controllers no changed
2023/10/11 14:59:16.071 [I] [asm_amd64.s:1581]  http server Running on http://:7000
2023/10/11 14:59:16.071 [C] [asm_amd64.s:1581]  ListenAndServe:  listen tcp :7000: bind: address already in use
2023/10/12 09:20:59.074 [I] [proc.go:6498]  ========redis连接初始化========
2023/10/12 15:08:56.159 [I] [proc.go:6498]  ========redis连接初始化========
2023/10/12 15:08:56.163 [E] [proc.go:6498]  redis初始化失败
2023/10/12 15:08:56.173 [I] [router.go:269]  /Users/zhanbaohua/go_work/szyx_back/controllers no changed
2023/10/12 15:08:56.173 [I] [router.go:269]  /Users/zhanbaohua/go_work/szyx_back/controllers no changed
2023/10/12 15:08:56.174 [I] [router.go:269]  /Users/zhanbaohua/go_work/szyx_back/controllers no changed
2023/10/12 15:08:56.174 [I] [router.go:269]  /Users/zhanbaohua/go_work/szyx_back/controllers no changed
2023/10/12 15:08:56.174 [I] [router.go:269]  /Users/zhanbaohua/go_work/szyx_back/controllers no changed
2023/10/12 15:08:56.175 [I] [router.go:269]  /Users/zhanbaohua/go_work/szyx_back/controllers no changed
2023/10/12 15:08:56.175 [I] [router.go:269]  /Users/zhanbaohua/go_work/szyx_back/controllers no changed
2023/10/12 15:08:56.208 [I] [router.go:269]  /Users/zhanbaohua/go_work/szyx_back/controllers no changed
2023/10/12 15:08:56.209 [I] [router.go:269]  /Users/zhanbaohua/go_work/szyx_back/controllers no changed
2023/10/12 15:08:56.210 [I] [router.go:269]  /Users/zhanbaohua/go_work/szyx_back/controllers no changed
2023/10/12 15:08:56.210 [I] [router.go:269]  /Users/zhanbaohua/go_work/szyx_back/controllers no changed
2023/10/12 15:08:56.211 [I] [router.go:269]  /Users/zhanbaohua/go_work/szyx_back/controllers no changed
2023/10/12 15:08:56.211 [I] [router.go:269]  /Users/zhanbaohua/go_work/szyx_back/controllers no changed
2023/10/12 15:08:56.212 [I] [router.go:269]  /Users/zhanbaohua/go_work/szyx_back/controllers no changed
2023/10/12 15:08:56.212 [I] [router.go:269]  /Users/zhanbaohua/go_work/szyx_back/controllers no changed
2023/10/12 15:08:56.212 [I] [router.go:269]  /Users/zhanbaohua/go_work/szyx_back/controllers no changed
2023/10/12 15:08:56.213 [I] [router.go:269]  /Users/zhanbaohua/go_work/szyx_back/controllers no changed
2023/10/12 15:08:56.213 [I] [router.go:269]  /Users/zhanbaohua/go_work/szyx_back/controllers no changed
2023/10/12 15:08:56.214 [I] [router.go:269]  /Users/zhanbaohua/go_work/szyx_back/controllers no changed
2023/10/12 15:08:56.214 [I] [router.go:269]  /Users/zhanbaohua/go_work/szyx_back/controllers no changed
2023/10/12 15:08:56.215 [I] [router.go:269]  /Users/zhanbaohua/go_work/szyx_back/controllers no changed
2023/10/12 15:08:56.215 [I] [router.go:269]  /Users/zhanbaohua/go_work/szyx_back/controllers no changed
2023/10/12 15:08:56.215 [I] [router.go:269]  /Users/zhanbaohua/go_work/szyx_back/controllers no changed
2023/10/12 15:08:56.216 [I] [router.go:269]  /Users/zhanbaohua/go_work/szyx_back/controllers no changed
2023/10/12 15:08:56.216 [I] [router.go:269]  /Users/zhanbaohua/go_work/szyx_back/controllers no changed
2023/10/12 15:08:56.217 [I] [router.go:269]  /Users/zhanbaohua/go_work/szyx_back/controllers no changed
2023/10/12 15:08:56.217 [I] [router.go:269]  /Users/zhanbaohua/go_work/szyx_back/controllers no changed
2023/10/12 15:08:56.217 [I] [router.go:269]  /Users/zhanbaohua/go_work/szyx_back/controllers no changed
2023/10/12 15:08:56.218 [I] [router.go:269]  /Users/zhanbaohua/go_work/szyx_back/controllers no changed
2023/10/12 15:08:56.218 [I] [router.go:269]  /Users/zhanbaohua/go_work/szyx_back/controllers no changed
2023/10/12 15:08:56.219 [I] [router.go:269]  /Users/zhanbaohua/go_work/szyx_back/controllers no changed
2023/10/12 15:08:56.226 [I] [asm_amd64.s:1581]  http server Running on http://:7000
2023/10/12 15:08:56.226 [C] [asm_amd64.s:1581]  ListenAndServe:  listen tcp :7000: bind: address already in use
2023/10/12 15:09:47.948 [I] [proc.go:6498]  ========redis连接初始化========
2023/10/12 15:09:47.952 [I] [proc.go:6498]  localhost:6379 0 renhao666^^^ root
2023/10/12 15:09:47.952 [E] [proc.go:6498]  redis初始化失败
2023/10/12 15:09:47.961 [I] [router.go:269]  /Users/zhanbaohua/go_work/szyx_back/controllers no changed
2023/10/12 15:09:47.961 [I] [router.go:269]  /Users/zhanbaohua/go_work/szyx_back/controllers no changed
2023/10/12 15:09:47.962 [I] [router.go:269]  /Users/zhanbaohua/go_work/szyx_back/controllers no changed
2023/10/12 15:09:47.962 [I] [router.go:269]  /Users/zhanbaohua/go_work/szyx_back/controllers no changed
2023/10/12 15:09:47.963 [I] [router.go:269]  /Users/zhanbaohua/go_work/szyx_back/controllers no changed
2023/10/12 15:09:47.963 [I] [router.go:269]  /Users/zhanbaohua/go_work/szyx_back/controllers no changed
2023/10/12 15:09:47.964 [I] [router.go:269]  /Users/zhanbaohua/go_work/szyx_back/controllers no changed
2023/10/12 15:09:48.051 [I] [router.go:269]  /Users/zhanbaohua/go_work/szyx_back/controllers no changed
2023/10/12 15:09:48.051 [I] [router.go:269]  /Users/zhanbaohua/go_work/szyx_back/controllers no changed
2023/10/12 15:09:48.052 [I] [router.go:269]  /Users/zhanbaohua/go_work/szyx_back/controllers no changed
2023/10/12 15:09:48.052 [I] [router.go:269]  /Users/zhanbaohua/go_work/szyx_back/controllers no changed
2023/10/12 15:09:48.052 [I] [router.go:269]  /Users/zhanbaohua/go_work/szyx_back/controllers no changed
2023/10/12 15:09:48.053 [I] [router.go:269]  /Users/zhanbaohua/go_work/szyx_back/controllers no changed
2023/10/12 15:09:48.053 [I] [router.go:269]  /Users/zhanbaohua/go_work/szyx_back/controllers no changed
2023/10/12 15:09:48.054 [I] [router.go:269]  /Users/zhanbaohua/go_work/szyx_back/controllers no changed
2023/10/12 15:09:48.054 [I] [router.go:269]  /Users/zhanbaohua/go_work/szyx_back/controllers no changed
2023/10/12 15:09:48.055 [I] [router.go:269]  /Users/zhanbaohua/go_work/szyx_back/controllers no changed
2023/10/12 15:09:48.055 [I] [router.go:269]  /Users/zhanbaohua/go_work/szyx_back/controllers no changed
2023/10/12 15:09:48.055 [I] [router.go:269]  /Users/zhanbaohua/go_work/szyx_back/controllers no changed
2023/10/12 15:09:48.056 [I] [router.go:269]  /Users/zhanbaohua/go_work/szyx_back/controllers no changed
2023/10/12 15:09:48.056 [I] [router.go:269]  /Users/zhanbaohua/go_work/szyx_back/controllers no changed
2023/10/12 15:09:48.057 [I] [router.go:269]  /Users/zhanbaohua/go_work/szyx_back/controllers no changed
2023/10/12 15:09:48.057 [I] [router.go:269]  /Users/zhanbaohua/go_work/szyx_back/controllers no changed
2023/10/12 15:09:48.057 [I] [router.go:269]  /Users/zhanbaohua/go_work/szyx_back/controllers no changed
2023/10/12 15:09:48.058 [I] [router.go:269]  /Users/zhanbaohua/go_work/szyx_back/controllers no changed
2023/10/12 15:09:48.058 [I] [router.go:269]  /Users/zhanbaohua/go_work/szyx_back/controllers no changed
2023/10/12 15:09:48.059 [I] [router.go:269]  /Users/zhanbaohua/go_work/szyx_back/controllers no changed
2023/10/12 15:09:48.059 [I] [router.go:269]  /Users/zhanbaohua/go_work/szyx_back/controllers no changed
2023/10/12 15:09:48.059 [I] [router.go:269]  /Users/zhanbaohua/go_work/szyx_back/controllers no changed
2023/10/12 15:09:48.060 [I] [router.go:269]  /Users/zhanbaohua/go_work/szyx_back/controllers no changed
2023/10/12 15:09:48.060 [I] [router.go:269]  /Users/zhanbaohua/go_work/szyx_back/controllers no changed
2023/10/12 15:09:48.067 [I] [asm_amd64.s:1581]  http server Running on http://:7000
2023/10/12 15:09:48.067 [C] [asm_amd64.s:1581]  ListenAndServe:  listen tcp :7000: bind: address already in use
2023/10/26 09:21:10.500 [I] [proc.go:6498]  ========redis连接初始化========
2023/10/26 09:22:25.500 [I] [proc.go:6498]  192.171.152.36:6379 0 renhao666^^^ root
2023/10/26 09:22:25.500 [E] [proc.go:6498]  redis初始化失败
2023/10/26 09:22:25.529 [E] [parser.go:147]  Invalid @Param format. Needs at least 4 parameters
2023/10/26 09:22:25.529 [E] [parser.go:147]  Invalid @Param format. Needs at least 4 parameters
2023/10/26 09:22:25.529 [E] [parser.go:147]  Invalid @Param format. Needs at least 4 parameters
2023/10/26 09:22:25.529 [E] [parser.go:147]  Invalid @Param format. Needs at least 4 parameters
2023/10/26 09:22:25.529 [E] [parser.go:147]  Invalid @Param format. Needs at least 4 parameters
2023/10/26 09:22:25.529 [E] [parser.go:147]  Invalid @Param format. Needs at least 4 parameters
2023/10/26 09:22:25.529 [E] [parser.go:147]  Invalid @Param format. Needs at least 4 parameters
2023/10/26 09:22:25.530 [E] [parser.go:147]  Invalid @Param format. Needs at least 4 parameters
2023/10/26 09:22:25.530 [E] [parser.go:147]  Invalid @Param format. Needs at least 4 parameters
2023/10/26 09:22:25.530 [E] [parser.go:147]  Invalid @Param format. Needs at least 4 parameters
2023/10/26 09:22:25.530 [E] [parser.go:147]  Invalid @Param format. Needs at least 4 parameters
2023/10/26 09:22:25.530 [E] [parser.go:147]  Invalid @Param format. Needs at least 4 parameters
2023/10/26 09:22:25.530 [E] [parser.go:147]  Invalid @Param format. Needs at least 4 parameters
2023/10/26 09:22:25.530 [E] [parser.go:147]  Invalid @Param format. Needs at least 4 parameters
2023/10/26 09:22:25.530 [E] [parser.go:147]  Invalid @Param format. Needs at least 4 parameters
2023/10/26 09:22:25.530 [E] [parser.go:147]  Invalid @Param format. Needs at least 4 parameters
2023/10/26 09:22:25.530 [E] [parser.go:147]  Invalid @Param format. Needs at least 4 parameters
2023/10/26 09:22:25.531 [E] [parser.go:147]  Invalid @Param format. Needs at least 4 parameters
2023/10/26 09:22:25.531 [E] [parser.go:147]  Invalid @Param format. Needs at least 4 parameters
2023/10/26 09:22:25.531 [E] [parser.go:147]  Invalid @Param format. Needs at least 4 parameters
2023/10/26 09:22:25.531 [E] [parser.go:147]  Invalid @Param format. Needs at least 4 parameters
2023/10/26 09:22:25.531 [E] [parser.go:147]  Invalid @Param format. Needs at least 4 parameters
2023/10/26 09:22:25.531 [E] [parser.go:147]  Invalid @Param format. Needs at least 4 parameters
2023/10/26 09:22:25.531 [E] [parser.go:147]  Invalid @Param format. Needs at least 4 parameters
2023/10/26 09:22:25.531 [E] [parser.go:147]  Invalid @Param format. Needs at least 4 parameters
2023/10/26 09:22:25.531 [E] [parser.go:147]  Invalid @Param format. Needs at least 4 parameters
2023/10/26 09:22:25.531 [E] [parser.go:147]  Invalid @Param format. Needs at least 4 parameters
2023/10/26 09:22:25.531 [E] [parser.go:147]  Invalid @Param format. Needs at least 4 parameters
2023/10/26 09:22:25.531 [E] [parser.go:147]  Invalid @Param format. Needs at least 4 parameters
2023/10/26 09:22:25.531 [E] [parser.go:147]  Invalid @Param format. Needs at least 4 parameters
2023/10/26 09:22:25.531 [E] [parser.go:147]  Invalid @Param format. Needs at least 4 parameters
2023/10/26 09:22:25.532 [E] [parser.go:147]  Invalid @Param format. Needs at least 4 parameters
2023/10/26 09:22:25.532 [E] [parser.go:147]  Invalid @Param format. Needs at least 4 parameters
2023/10/26 09:22:25.532 [E] [parser.go:147]  Invalid @Param format. Needs at least 4 parameters
2023/10/26 09:22:25.532 [E] [parser.go:147]  Invalid @Param format. Needs at least 4 parameters
2023/10/26 09:22:25.532 [E] [parser.go:147]  Invalid @Param format. Needs at least 4 parameters
2023/10/26 09:22:25.532 [E] [parser.go:147]  Invalid @Param format. Needs at least 4 parameters
2023/10/26 09:22:25.532 [E] [parser.go:147]  Invalid @Param format. Needs at least 4 parameters
2023/10/26 09:22:25.533 [E] [parser.go:147]  Invalid @Param format. Needs at least 4 parameters
2023/10/26 09:22:25.533 [I] [parser.go:112]  generate router from comments
2023/10/26 09:22:25.542 [I] [router.go:269]  /Users/zhanbaohua/go_work/szyx_back/controllers no changed
2023/10/26 09:22:25.543 [I] [router.go:269]  /Users/zhanbaohua/go_work/szyx_back/controllers no changed
2023/10/26 09:22:25.543 [I] [router.go:269]  /Users/zhanbaohua/go_work/szyx_back/controllers no changed
2023/10/26 09:22:25.543 [I] [router.go:269]  /Users/zhanbaohua/go_work/szyx_back/controllers no changed
2023/10/26 09:22:25.544 [I] [router.go:269]  /Users/zhanbaohua/go_work/szyx_back/controllers no changed
2023/10/26 09:22:25.545 [I] [router.go:269]  /Users/zhanbaohua/go_work/szyx_back/controllers no changed
2023/10/26 09:22:25.545 [I] [router.go:269]  /Users/zhanbaohua/go_work/szyx_back/controllers no changed
2023/10/26 09:22:25.546 [I] [router.go:269]  /Users/zhanbaohua/go_work/szyx_back/controllers no changed
2023/10/26 09:22:25.546 [I] [router.go:269]  /Users/zhanbaohua/go_work/szyx_back/controllers no changed
2023/10/26 09:22:25.547 [I] [router.go:269]  /Users/zhanbaohua/go_work/szyx_back/controllers no changed
2023/10/26 09:22:25.547 [I] [router.go:269]  /Users/zhanbaohua/go_work/szyx_back/controllers no changed
2023/10/26 09:22:25.547 [I] [router.go:269]  /Users/zhanbaohua/go_work/szyx_back/controllers no changed
2023/10/26 09:22:25.548 [I] [router.go:269]  /Users/zhanbaohua/go_work/szyx_back/controllers no changed
2023/10/26 09:22:25.548 [I] [router.go:269]  /Users/zhanbaohua/go_work/szyx_back/controllers no changed
2023/10/26 09:22:25.548 [I] [router.go:269]  /Users/zhanbaohua/go_work/szyx_back/controllers no changed
2023/10/26 09:22:25.549 [I] [router.go:269]  /Users/zhanbaohua/go_work/szyx_back/controllers no changed
2023/10/26 09:22:25.549 [I] [router.go:269]  /Users/zhanbaohua/go_work/szyx_back/controllers no changed
2023/10/26 09:22:25.550 [I] [router.go:269]  /Users/zhanbaohua/go_work/szyx_back/controllers no changed
2023/10/26 09:22:25.550 [I] [router.go:269]  /Users/zhanbaohua/go_work/szyx_back/controllers no changed
2023/10/26 09:22:25.550 [I] [router.go:269]  /Users/zhanbaohua/go_work/szyx_back/controllers no changed
2023/10/26 09:22:25.551 [I] [router.go:269]  /Users/zhanbaohua/go_work/szyx_back/controllers no changed
2023/10/26 09:22:25.551 [I] [router.go:269]  /Users/zhanbaohua/go_work/szyx_back/controllers no changed
2023/10/26 09:22:25.552 [I] [router.go:269]  /Users/zhanbaohua/go_work/szyx_back/controllers no changed
2023/10/26 09:22:25.552 [I] [router.go:269]  /Users/zhanbaohua/go_work/szyx_back/controllers no changed
2023/10/26 09:22:25.553 [I] [router.go:269]  /Users/zhanbaohua/go_work/szyx_back/controllers no changed
2023/10/26 09:22:25.553 [I] [router.go:269]  /Users/zhanbaohua/go_work/szyx_back/controllers no changed
2023/10/26 09:22:25.554 [I] [router.go:269]  /Users/zhanbaohua/go_work/szyx_back/controllers no changed
2023/10/26 09:22:25.554 [I] [router.go:269]  /Users/zhanbaohua/go_work/szyx_back/controllers no changed
2023/10/26 09:22:25.554 [I] [router.go:269]  /Users/zhanbaohua/go_work/szyx_back/controllers no changed
2023/10/26 09:22:25.555 [I] [router.go:269]  /Users/zhanbaohua/go_work/szyx_back/controllers no changed
2023/10/26 09:22:25.562 [I] [asm_amd64.s:1581]  http server Running on http://:7003
2023/10/26 09:30:16.961 [I] [proc.go:6498]  ========redis连接初始化========
2023/10/26 09:30:16.989 [I] [proc.go:6498]  124.70.111.57:6379 0 renhao666^^^ root
2023/10/26 09:30:16.989 [E] [proc.go:6498]  redis初始化失败
2023/10/26 09:30:16.998 [I] [router.go:269]  /Users/zhanbaohua/go_work/szyx_back/controllers no changed
2023/10/26 09:30:16.998 [I] [router.go:269]  /Users/zhanbaohua/go_work/szyx_back/controllers no changed
2023/10/26 09:30:16.999 [I] [router.go:269]  /Users/zhanbaohua/go_work/szyx_back/controllers no changed
2023/10/26 09:30:16.999 [I] [router.go:269]  /Users/zhanbaohua/go_work/szyx_back/controllers no changed
2023/10/26 09:30:17.000 [I] [router.go:269]  /Users/zhanbaohua/go_work/szyx_back/controllers no changed
2023/10/26 09:30:17.000 [I] [router.go:269]  /Users/zhanbaohua/go_work/szyx_back/controllers no changed
2023/10/26 09:30:17.001 [I] [router.go:269]  /Users/zhanbaohua/go_work/szyx_back/controllers no changed
2023/10/26 09:30:17.043 [I] [router.go:269]  /Users/zhanbaohua/go_work/szyx_back/controllers no changed
2023/10/26 09:30:17.043 [I] [router.go:269]  /Users/zhanbaohua/go_work/szyx_back/controllers no changed
2023/10/26 09:30:17.043 [I] [router.go:269]  /Users/zhanbaohua/go_work/szyx_back/controllers no changed
2023/10/26 09:30:17.044 [I] [router.go:269]  /Users/zhanbaohua/go_work/szyx_back/controllers no changed
2023/10/26 09:30:17.044 [I] [router.go:269]  /Users/zhanbaohua/go_work/szyx_back/controllers no changed
2023/10/26 09:30:17.045 [I] [router.go:269]  /Users/zhanbaohua/go_work/szyx_back/controllers no changed
2023/10/26 09:30:17.045 [I] [router.go:269]  /Users/zhanbaohua/go_work/szyx_back/controllers no changed
2023/10/26 09:30:17.045 [I] [router.go:269]  /Users/zhanbaohua/go_work/szyx_back/controllers no changed
2023/10/26 09:30:17.046 [I] [router.go:269]  /Users/zhanbaohua/go_work/szyx_back/controllers no changed
2023/10/26 09:30:17.046 [I] [router.go:269]  /Users/zhanbaohua/go_work/szyx_back/controllers no changed
2023/10/26 09:30:17.047 [I] [router.go:269]  /Users/zhanbaohua/go_work/szyx_back/controllers no changed
2023/10/26 09:30:17.047 [I] [router.go:269]  /Users/zhanbaohua/go_work/szyx_back/controllers no changed
2023/10/26 09:30:17.048 [I] [router.go:269]  /Users/zhanbaohua/go_work/szyx_back/controllers no changed
2023/10/26 09:30:17.048 [I] [router.go:269]  /Users/zhanbaohua/go_work/szyx_back/controllers no changed
2023/10/26 09:30:17.048 [I] [router.go:269]  /Users/zhanbaohua/go_work/szyx_back/controllers no changed
2023/10/26 09:30:17.049 [I] [router.go:269]  /Users/zhanbaohua/go_work/szyx_back/controllers no changed
2023/10/26 09:30:17.049 [I] [router.go:269]  /Users/zhanbaohua/go_work/szyx_back/controllers no changed
2023/10/26 09:30:17.050 [I] [router.go:269]  /Users/zhanbaohua/go_work/szyx_back/controllers no changed
2023/10/26 09:30:17.050 [I] [router.go:269]  /Users/zhanbaohua/go_work/szyx_back/controllers no changed
2023/10/26 09:30:17.050 [I] [router.go:269]  /Users/zhanbaohua/go_work/szyx_back/controllers no changed
2023/10/26 09:30:17.051 [I] [router.go:269]  /Users/zhanbaohua/go_work/szyx_back/controllers no changed
2023/10/26 09:30:17.051 [I] [router.go:269]  /Users/zhanbaohua/go_work/szyx_back/controllers no changed
2023/10/26 09:30:17.052 [I] [router.go:269]  /Users/zhanbaohua/go_work/szyx_back/controllers no changed
2023/10/26 09:30:17.052 [I] [router.go:269]  /Users/zhanbaohua/go_work/szyx_back/controllers no changed
2023/10/26 09:30:17.059 [I] [asm_amd64.s:1581]  http server Running on http://:7003
2023/10/26 09:33:51.094 [I] [proc.go:6498]  ========redis连接初始化========
2023/10/26 09:33:51.126 [I] [router.go:269]  /Users/zhanbaohua/go_work/szyx_back/controllers no changed
2023/10/26 09:33:51.127 [I] [router.go:269]  /Users/zhanbaohua/go_work/szyx_back/controllers no changed
2023/10/26 09:33:51.127 [I] [router.go:269]  /Users/zhanbaohua/go_work/szyx_back/controllers no changed
2023/10/26 09:33:51.127 [I] [router.go:269]  /Users/zhanbaohua/go_work/szyx_back/controllers no changed
2023/10/26 09:33:51.128 [I] [router.go:269]  /Users/zhanbaohua/go_work/szyx_back/controllers no changed
2023/10/26 09:33:51.128 [I] [router.go:269]  /Users/zhanbaohua/go_work/szyx_back/controllers no changed
2023/10/26 09:33:51.129 [I] [router.go:269]  /Users/zhanbaohua/go_work/szyx_back/controllers no changed
2023/10/26 09:33:51.129 [I] [router.go:269]  /Users/zhanbaohua/go_work/szyx_back/controllers no changed
2023/10/26 09:33:51.176 [I] [router.go:269]  /Users/zhanbaohua/go_work/szyx_back/controllers no changed
2023/10/26 09:33:51.177 [I] [router.go:269]  /Users/zhanbaohua/go_work/szyx_back/controllers no changed
2023/10/26 09:33:51.177 [I] [router.go:269]  /Users/zhanbaohua/go_work/szyx_back/controllers no changed
2023/10/26 09:33:51.178 [I] [router.go:269]  /Users/zhanbaohua/go_work/szyx_back/controllers no changed
2023/10/26 09:33:51.178 [I] [router.go:269]  /Users/zhanbaohua/go_work/szyx_back/controllers no changed
2023/10/26 09:33:51.179 [I] [router.go:269]  /Users/zhanbaohua/go_work/szyx_back/controllers no changed
2023/10/26 09:33:51.179 [I] [router.go:269]  /Users/zhanbaohua/go_work/szyx_back/controllers no changed
2023/10/26 09:33:51.180 [I] [router.go:269]  /Users/zhanbaohua/go_work/szyx_back/controllers no changed
2023/10/26 09:33:51.180 [I] [router.go:269]  /Users/zhanbaohua/go_work/szyx_back/controllers no changed
2023/10/26 09:33:51.181 [I] [router.go:269]  /Users/zhanbaohua/go_work/szyx_back/controllers no changed
2023/10/26 09:33:51.181 [I] [router.go:269]  /Users/zhanbaohua/go_work/szyx_back/controllers no changed
2023/10/26 09:33:51.181 [I] [router.go:269]  /Users/zhanbaohua/go_work/szyx_back/controllers no changed
2023/10/26 09:33:51.182 [I] [router.go:269]  /Users/zhanbaohua/go_work/szyx_back/controllers no changed
2023/10/26 09:33:51.182 [I] [router.go:269]  /Users/zhanbaohua/go_work/szyx_back/controllers no changed
2023/10/26 09:33:51.183 [I] [router.go:269]  /Users/zhanbaohua/go_work/szyx_back/controllers no changed
2023/10/26 09:33:51.183 [I] [router.go:269]  /Users/zhanbaohua/go_work/szyx_back/controllers no changed
2023/10/26 09:33:51.184 [I] [router.go:269]  /Users/zhanbaohua/go_work/szyx_back/controllers no changed
2023/10/26 09:33:51.184 [I] [router.go:269]  /Users/zhanbaohua/go_work/szyx_back/controllers no changed
2023/10/26 09:33:51.185 [I] [router.go:269]  /Users/zhanbaohua/go_work/szyx_back/controllers no changed
2023/10/26 09:33:51.185 [I] [router.go:269]  /Users/zhanbaohua/go_work/szyx_back/controllers no changed
2023/10/26 09:33:51.185 [I] [router.go:269]  /Users/zhanbaohua/go_work/szyx_back/controllers no changed
2023/10/26 09:33:51.186 [I] [router.go:269]  /Users/zhanbaohua/go_work/szyx_back/controllers no changed
2023/10/26 09:33:51.186 [I] [router.go:269]  /Users/zhanbaohua/go_work/szyx_back/controllers no changed
2023/10/26 09:33:51.193 [I] [asm_amd64.s:1581]  http server Running on http://:7003
2024/03/18 09:06:54.703 [I] [proc.go:6222]  ========redis连接初始化========
2024/03/18 09:06:54.747 [I] [asm_amd64.s:1571]  http server Running on http://:7001
2024/03/18 09:20:08.487 [I] [proc.go:6498]  ========redis连接初始化========
2024/03/18 09:20:08.531 [E] [parser.go:147]  Invalid @Param format. Needs at least 4 parameters
2024/03/18 09:20:08.534 [E] [parser.go:147]  Invalid @Param format. Needs at least 4 parameters
2024/03/18 09:20:08.534 [E] [parser.go:147]  Invalid @Param format. Needs at least 4 parameters
2024/03/18 09:20:08.534 [E] [parser.go:147]  Invalid @Param format. Needs at least 4 parameters
2024/03/18 09:20:08.534 [E] [parser.go:147]  Invalid @Param format. Needs at least 4 parameters
2024/03/18 09:20:08.534 [E] [parser.go:147]  Invalid @Param format. Needs at least 4 parameters
2024/03/18 09:20:08.534 [E] [parser.go:147]  Invalid @Param format. Needs at least 4 parameters
2024/03/18 09:20:08.535 [E] [parser.go:147]  Invalid @Param format. Needs at least 4 parameters
2024/03/18 09:20:08.535 [E] [parser.go:147]  Invalid @Param format. Needs at least 4 parameters
2024/03/18 09:20:08.599 [E] [parser.go:147]  Invalid @Param format. Needs at least 4 parameters
2024/03/18 09:20:08.599 [E] [parser.go:147]  Invalid @Param format. Needs at least 4 parameters
2024/03/18 09:20:08.599 [E] [parser.go:147]  Invalid @Param format. Needs at least 4 parameters
2024/03/18 09:20:08.599 [E] [parser.go:147]  Invalid @Param format. Needs at least 4 parameters
2024/03/18 09:20:08.599 [E] [parser.go:147]  Invalid @Param format. Needs at least 4 parameters
2024/03/18 09:20:08.602 [E] [parser.go:147]  Invalid @Param format. Needs at least 4 parameters
2024/03/18 09:20:08.602 [E] [parser.go:147]  Invalid @Param format. Needs at least 4 parameters
2024/03/18 09:20:08.602 [E] [parser.go:147]  Invalid @Param format. Needs at least 4 parameters
2024/03/18 09:20:08.602 [E] [parser.go:147]  Invalid @Param format. Needs at least 4 parameters
2024/03/18 09:20:08.602 [E] [parser.go:147]  Invalid @Param format. Needs at least 4 parameters
2024/03/18 09:20:08.603 [E] [parser.go:147]  Invalid @Param format. Needs at least 4 parameters
2024/03/18 09:20:08.603 [E] [parser.go:147]  Invalid @Param format. Needs at least 4 parameters
2024/03/18 09:20:08.603 [E] [parser.go:147]  Invalid @Param format. Needs at least 4 parameters
2024/03/18 09:20:08.603 [E] [parser.go:147]  Invalid @Param format. Needs at least 4 parameters
2024/03/18 09:20:08.603 [E] [parser.go:147]  Invalid @Param format. Needs at least 4 parameters
2024/03/18 09:20:08.603 [E] [parser.go:147]  Invalid @Param format. Needs at least 4 parameters
2024/03/18 09:20:08.603 [E] [parser.go:147]  Invalid @Param format. Needs at least 4 parameters
2024/03/18 09:20:08.603 [E] [parser.go:147]  Invalid @Param format. Needs at least 4 parameters
2024/03/18 09:20:08.603 [E] [parser.go:147]  Invalid @Param format. Needs at least 4 parameters
2024/03/18 09:20:08.603 [E] [parser.go:147]  Invalid @Param format. Needs at least 4 parameters
2024/03/18 09:20:08.603 [E] [parser.go:147]  Invalid @Param format. Needs at least 4 parameters
2024/03/18 09:20:08.603 [E] [parser.go:147]  Invalid @Param format. Needs at least 4 parameters
2024/03/18 09:20:08.603 [E] [parser.go:147]  Invalid @Param format. Needs at least 4 parameters
2024/03/18 09:20:08.603 [E] [parser.go:147]  Invalid @Param format. Needs at least 4 parameters
2024/03/18 09:20:08.603 [E] [parser.go:147]  Invalid @Param format. Needs at least 4 parameters
2024/03/18 09:20:08.603 [E] [parser.go:147]  Invalid @Param format. Needs at least 4 parameters
2024/03/18 09:20:08.603 [E] [parser.go:147]  Invalid @Param format. Needs at least 4 parameters
2024/03/18 09:20:08.603 [E] [parser.go:147]  Invalid @Param format. Needs at least 4 parameters
2024/03/18 09:20:08.603 [E] [parser.go:147]  Invalid @Param format. Needs at least 4 parameters
2024/03/18 09:20:08.603 [E] [parser.go:147]  Invalid @Param format. Needs at least 4 parameters
2024/03/18 09:20:08.604 [I] [parser.go:112]  generate router from comments
2024/03/18 09:20:08.615 [I] [router.go:269]  /Users/zhanbaohua/webStorm_work/github.com/info_project/back/szyx_back/controllers no changed
2024/03/18 09:20:08.615 [I] [router.go:269]  /Users/zhanbaohua/webStorm_work/github.com/info_project/back/szyx_back/controllers no changed
2024/03/18 09:20:08.616 [I] [router.go:269]  /Users/zhanbaohua/webStorm_work/github.com/info_project/back/szyx_back/controllers no changed
2024/03/18 09:20:08.616 [I] [router.go:269]  /Users/zhanbaohua/webStorm_work/github.com/info_project/back/szyx_back/controllers no changed
2024/03/18 09:20:08.617 [I] [router.go:269]  /Users/zhanbaohua/webStorm_work/github.com/info_project/back/szyx_back/controllers no changed
2024/03/18 09:20:08.617 [I] [router.go:269]  /Users/zhanbaohua/webStorm_work/github.com/info_project/back/szyx_back/controllers no changed
2024/03/18 09:20:08.617 [I] [router.go:269]  /Users/zhanbaohua/webStorm_work/github.com/info_project/back/szyx_back/controllers no changed
2024/03/18 09:20:08.618 [I] [router.go:269]  /Users/zhanbaohua/webStorm_work/github.com/info_project/back/szyx_back/controllers no changed
2024/03/18 09:20:08.618 [I] [router.go:269]  /Users/zhanbaohua/webStorm_work/github.com/info_project/back/szyx_back/controllers no changed
2024/03/18 09:20:08.619 [I] [router.go:269]  /Users/zhanbaohua/webStorm_work/github.com/info_project/back/szyx_back/controllers no changed
2024/03/18 09:20:08.619 [I] [router.go:269]  /Users/zhanbaohua/webStorm_work/github.com/info_project/back/szyx_back/controllers no changed
2024/03/18 09:20:08.619 [I] [router.go:269]  /Users/zhanbaohua/webStorm_work/github.com/info_project/back/szyx_back/controllers no changed
2024/03/18 09:20:08.620 [I] [router.go:269]  /Users/zhanbaohua/webStorm_work/github.com/info_project/back/szyx_back/controllers no changed
2024/03/18 09:20:08.620 [I] [router.go:269]  /Users/zhanbaohua/webStorm_work/github.com/info_project/back/szyx_back/controllers no changed
2024/03/18 09:20:08.621 [I] [router.go:269]  /Users/zhanbaohua/webStorm_work/github.com/info_project/back/szyx_back/controllers no changed
2024/03/18 09:20:08.621 [I] [router.go:269]  /Users/zhanbaohua/webStorm_work/github.com/info_project/back/szyx_back/controllers no changed
2024/03/18 09:20:08.622 [I] [router.go:269]  /Users/zhanbaohua/webStorm_work/github.com/info_project/back/szyx_back/controllers no changed
2024/03/18 09:20:08.622 [I] [router.go:269]  /Users/zhanbaohua/webStorm_work/github.com/info_project/back/szyx_back/controllers no changed
2024/03/18 09:20:08.622 [I] [router.go:269]  /Users/zhanbaohua/webStorm_work/github.com/info_project/back/szyx_back/controllers no changed
2024/03/18 09:20:08.623 [I] [router.go:269]  /Users/zhanbaohua/webStorm_work/github.com/info_project/back/szyx_back/controllers no changed
2024/03/18 09:20:08.623 [I] [router.go:269]  /Users/zhanbaohua/webStorm_work/github.com/info_project/back/szyx_back/controllers no changed
2024/03/18 09:20:08.624 [I] [router.go:269]  /Users/zhanbaohua/webStorm_work/github.com/info_project/back/szyx_back/controllers no changed
2024/03/18 09:20:08.624 [I] [router.go:269]  /Users/zhanbaohua/webStorm_work/github.com/info_project/back/szyx_back/controllers no changed
2024/03/18 09:20:08.624 [I] [router.go:269]  /Users/zhanbaohua/webStorm_work/github.com/info_project/back/szyx_back/controllers no changed
2024/03/18 09:20:08.625 [I] [router.go:269]  /Users/zhanbaohua/webStorm_work/github.com/info_project/back/szyx_back/controllers no changed
2024/03/18 09:20:08.625 [I] [router.go:269]  /Users/zhanbaohua/webStorm_work/github.com/info_project/back/szyx_back/controllers no changed
2024/03/18 09:20:08.625 [I] [router.go:269]  /Users/zhanbaohua/webStorm_work/github.com/info_project/back/szyx_back/controllers no changed
2024/03/18 09:20:08.626 [I] [router.go:269]  /Users/zhanbaohua/webStorm_work/github.com/info_project/back/szyx_back/controllers no changed
2024/03/18 09:20:08.626 [I] [router.go:269]  /Users/zhanbaohua/webStorm_work/github.com/info_project/back/szyx_back/controllers no changed
2024/03/18 09:20:08.627 [I] [router.go:269]  /Users/zhanbaohua/webStorm_work/github.com/info_project/back/szyx_back/controllers no changed
2024/03/18 09:20:08.635 [I] [asm_amd64.s:1581]  http server Running on http://:7001
2024/03/18 11:12:20.035 [I] [proc.go:6498]  ========redis连接初始化========
2024/03/18 11:12:20.080 [E] [parser.go:147]  Invalid @Param format. Needs at least 4 parameters
2024/03/18 11:12:20.080 [E] [parser.go:147]  Invalid @Param format. Needs at least 4 parameters
2024/03/18 11:12:20.081 [E] [parser.go:147]  Invalid @Param format. Needs at least 4 parameters
2024/03/18 11:12:20.081 [E] [parser.go:147]  Invalid @Param format. Needs at least 4 parameters
2024/03/18 11:12:20.081 [E] [parser.go:147]  Invalid @Param format. Needs at least 4 parameters
2024/03/18 11:12:20.081 [E] [parser.go:147]  Invalid @Param format. Needs at least 4 parameters
2024/03/18 11:12:20.081 [E] [parser.go:147]  Invalid @Param format. Needs at least 4 parameters
2024/03/18 11:12:20.081 [E] [parser.go:147]  Invalid @Param format. Needs at least 4 parameters
2024/03/18 11:12:20.081 [E] [parser.go:147]  Invalid @Param format. Needs at least 4 parameters
2024/03/18 11:12:20.126 [E] [parser.go:147]  Invalid @Param format. Needs at least 4 parameters
2024/03/18 11:12:20.126 [E] [parser.go:147]  Invalid @Param format. Needs at least 4 parameters
2024/03/18 11:12:20.126 [E] [parser.go:147]  Invalid @Param format. Needs at least 4 parameters
2024/03/18 11:12:20.126 [E] [parser.go:147]  Invalid @Param format. Needs at least 4 parameters
2024/03/18 11:12:20.126 [E] [parser.go:147]  Invalid @Param format. Needs at least 4 parameters
2024/03/18 11:12:20.126 [E] [parser.go:147]  Invalid @Param format. Needs at least 4 parameters
2024/03/18 11:12:20.126 [E] [parser.go:147]  Invalid @Param format. Needs at least 4 parameters
2024/03/18 11:12:20.126 [E] [parser.go:147]  Invalid @Param format. Needs at least 4 parameters
2024/03/18 11:12:20.127 [E] [parser.go:147]  Invalid @Param format. Needs at least 4 parameters
2024/03/18 11:12:20.127 [E] [parser.go:147]  Invalid @Param format. Needs at least 4 parameters
2024/03/18 11:12:20.127 [E] [parser.go:147]  Invalid @Param format. Needs at least 4 parameters
2024/03/18 11:12:20.127 [E] [parser.go:147]  Invalid @Param format. Needs at least 4 parameters
2024/03/18 11:12:20.127 [E] [parser.go:147]  Invalid @Param format. Needs at least 4 parameters
2024/03/18 11:12:20.127 [E] [parser.go:147]  Invalid @Param format. Needs at least 4 parameters
2024/03/18 11:12:20.127 [E] [parser.go:147]  Invalid @Param format. Needs at least 4 parameters
2024/03/18 11:12:20.127 [E] [parser.go:147]  Invalid @Param format. Needs at least 4 parameters
2024/03/18 11:12:20.127 [E] [parser.go:147]  Invalid @Param format. Needs at least 4 parameters
2024/03/18 11:12:20.127 [E] [parser.go:147]  Invalid @Param format. Needs at least 4 parameters
2024/03/18 11:12:20.127 [E] [parser.go:147]  Invalid @Param format. Needs at least 4 parameters
2024/03/18 11:12:20.127 [E] [parser.go:147]  Invalid @Param format. Needs at least 4 parameters
2024/03/18 11:12:20.127 [E] [parser.go:147]  Invalid @Param format. Needs at least 4 parameters
2024/03/18 11:12:20.128 [E] [parser.go:147]  Invalid @Param format. Needs at least 4 parameters
2024/03/18 11:12:20.128 [E] [parser.go:147]  Invalid @Param format. Needs at least 4 parameters
2024/03/18 11:12:20.128 [E] [parser.go:147]  Invalid @Param format. Needs at least 4 parameters
2024/03/18 11:12:20.128 [E] [parser.go:147]  Invalid @Param format. Needs at least 4 parameters
2024/03/18 11:12:20.128 [E] [parser.go:147]  Invalid @Param format. Needs at least 4 parameters
2024/03/18 11:12:20.128 [E] [parser.go:147]  Invalid @Param format. Needs at least 4 parameters
2024/03/18 11:12:20.128 [E] [parser.go:147]  Invalid @Param format. Needs at least 4 parameters
2024/03/18 11:12:20.128 [E] [parser.go:147]  Invalid @Param format. Needs at least 4 parameters
2024/03/18 11:12:20.128 [E] [parser.go:147]  Invalid @Param format. Needs at least 4 parameters
2024/03/18 11:12:20.128 [I] [parser.go:112]  generate router from comments
2024/03/18 11:12:20.135 [I] [router.go:269]  /Users/zhanbaohua/webStorm_work/github.com/info_project/back/szyx_back/controllers no changed
2024/03/18 11:12:20.135 [I] [router.go:269]  /Users/zhanbaohua/webStorm_work/github.com/info_project/back/szyx_back/controllers no changed
2024/03/18 11:12:20.136 [I] [router.go:269]  /Users/zhanbaohua/webStorm_work/github.com/info_project/back/szyx_back/controllers no changed
2024/03/18 11:19:12.721 [I] [proc.go:6498]  ========redis连接初始化========
2024/03/18 11:19:12.781 [E] [parser.go:147]  Invalid @Param format. Needs at least 4 parameters
2024/03/18 11:19:12.782 [E] [parser.go:147]  Invalid @Param format. Needs at least 4 parameters
2024/03/18 11:19:12.782 [E] [parser.go:147]  Invalid @Param format. Needs at least 4 parameters
2024/03/18 11:19:12.782 [E] [parser.go:147]  Invalid @Param format. Needs at least 4 parameters
2024/03/18 11:19:12.782 [E] [parser.go:147]  Invalid @Param format. Needs at least 4 parameters
2024/03/18 11:19:12.782 [E] [parser.go:147]  Invalid @Param format. Needs at least 4 parameters
2024/03/18 11:19:12.782 [E] [parser.go:147]  Invalid @Param format. Needs at least 4 parameters
2024/03/18 11:19:12.782 [E] [parser.go:147]  Invalid @Param format. Needs at least 4 parameters
2024/03/18 11:19:12.782 [E] [parser.go:147]  Invalid @Param format. Needs at least 4 parameters
2024/03/18 11:19:12.823 [E] [parser.go:147]  Invalid @Param format. Needs at least 4 parameters
2024/03/18 11:19:12.824 [E] [parser.go:147]  Invalid @Param format. Needs at least 4 parameters
2024/03/18 11:19:12.824 [E] [parser.go:147]  Invalid @Param format. Needs at least 4 parameters
2024/03/18 11:19:12.824 [E] [parser.go:147]  Invalid @Param format. Needs at least 4 parameters
2024/03/18 11:19:12.824 [E] [parser.go:147]  Invalid @Param format. Needs at least 4 parameters
2024/03/18 11:19:12.824 [E] [parser.go:147]  Invalid @Param format. Needs at least 4 parameters
2024/03/18 11:19:12.824 [E] [parser.go:147]  Invalid @Param format. Needs at least 4 parameters
2024/03/18 11:19:12.825 [E] [parser.go:147]  Invalid @Param format. Needs at least 4 parameters
2024/03/18 11:19:12.825 [E] [parser.go:147]  Invalid @Param format. Needs at least 4 parameters
2024/03/18 11:19:12.825 [E] [parser.go:147]  Invalid @Param format. Needs at least 4 parameters
2024/03/18 11:19:12.825 [E] [parser.go:147]  Invalid @Param format. Needs at least 4 parameters
2024/03/18 11:19:12.825 [E] [parser.go:147]  Invalid @Param format. Needs at least 4 parameters
2024/03/18 11:19:12.825 [E] [parser.go:147]  Invalid @Param format. Needs at least 4 parameters
2024/03/18 11:19:12.825 [E] [parser.go:147]  Invalid @Param format. Needs at least 4 parameters
2024/03/18 11:19:12.825 [E] [parser.go:147]  Invalid @Param format. Needs at least 4 parameters
2024/03/18 11:19:12.825 [E] [parser.go:147]  Invalid @Param format. Needs at least 4 parameters
2024/03/18 11:19:12.825 [E] [parser.go:147]  Invalid @Param format. Needs at least 4 parameters
2024/03/18 11:19:12.825 [E] [parser.go:147]  Invalid @Param format. Needs at least 4 parameters
2024/03/18 11:19:12.826 [E] [parser.go:147]  Invalid @Param format. Needs at least 4 parameters
2024/03/18 11:19:12.826 [E] [parser.go:147]  Invalid @Param format. Needs at least 4 parameters
2024/03/18 11:19:12.826 [E] [parser.go:147]  Invalid @Param format. Needs at least 4 parameters
2024/03/18 11:19:12.826 [E] [parser.go:147]  Invalid @Param format. Needs at least 4 parameters
2024/03/18 11:19:12.826 [E] [parser.go:147]  Invalid @Param format. Needs at least 4 parameters
2024/03/18 11:19:12.826 [E] [parser.go:147]  Invalid @Param format. Needs at least 4 parameters
2024/03/18 11:19:12.826 [E] [parser.go:147]  Invalid @Param format. Needs at least 4 parameters
2024/03/18 11:19:12.826 [E] [parser.go:147]  Invalid @Param format. Needs at least 4 parameters
2024/03/18 11:19:12.826 [E] [parser.go:147]  Invalid @Param format. Needs at least 4 parameters
2024/03/18 11:19:12.826 [E] [parser.go:147]  Invalid @Param format. Needs at least 4 parameters
2024/03/18 11:19:12.826 [E] [parser.go:147]  Invalid @Param format. Needs at least 4 parameters
2024/03/18 11:19:12.826 [E] [parser.go:147]  Invalid @Param format. Needs at least 4 parameters
2024/03/18 11:19:12.826 [I] [parser.go:112]  generate router from comments
2024/03/18 11:19:12.832 [I] [router.go:269]  /Users/zhanbaohua/webStorm_work/github.com/info_project/back/szyx_back/controllers no changed
2024/03/18 11:19:12.833 [I] [router.go:269]  /Users/zhanbaohua/webStorm_work/github.com/info_project/back/szyx_back/controllers no changed
2024/03/18 11:19:12.833 [I] [router.go:269]  /Users/zhanbaohua/webStorm_work/github.com/info_project/back/szyx_back/controllers no changed
2024/03/18 11:19:12.833 [I] [router.go:269]  /Users/zhanbaohua/webStorm_work/github.com/info_project/back/szyx_back/controllers no changed
2024/03/18 11:19:12.834 [I] [router.go:269]  /Users/zhanbaohua/webStorm_work/github.com/info_project/back/szyx_back/controllers no changed
2024/03/18 11:19:12.834 [I] [router.go:269]  /Users/zhanbaohua/webStorm_work/github.com/info_project/back/szyx_back/controllers no changed
2024/03/18 11:19:12.834 [I] [router.go:269]  /Users/zhanbaohua/webStorm_work/github.com/info_project/back/szyx_back/controllers no changed
2024/03/18 11:19:12.835 [I] [router.go:269]  /Users/zhanbaohua/webStorm_work/github.com/info_project/back/szyx_back/controllers no changed
2024/03/18 11:19:12.835 [I] [router.go:269]  /Users/zhanbaohua/webStorm_work/github.com/info_project/back/szyx_back/controllers no changed
2024/03/18 11:19:12.836 [I] [router.go:269]  /Users/zhanbaohua/webStorm_work/github.com/info_project/back/szyx_back/controllers no changed
2024/03/18 11:19:12.836 [I] [router.go:269]  /Users/zhanbaohua/webStorm_work/github.com/info_project/back/szyx_back/controllers no changed
2024/03/18 11:19:12.836 [I] [router.go:269]  /Users/zhanbaohua/webStorm_work/github.com/info_project/back/szyx_back/controllers no changed
2024/03/18 11:19:12.836 [I] [router.go:269]  /Users/zhanbaohua/webStorm_work/github.com/info_project/back/szyx_back/controllers no changed
2024/03/18 11:19:12.837 [I] [router.go:269]  /Users/zhanbaohua/webStorm_work/github.com/info_project/back/szyx_back/controllers no changed
2024/03/18 11:19:12.837 [I] [router.go:269]  /Users/zhanbaohua/webStorm_work/github.com/info_project/back/szyx_back/controllers no changed
2024/03/18 11:19:12.837 [I] [router.go:269]  /Users/zhanbaohua/webStorm_work/github.com/info_project/back/szyx_back/controllers no changed
2024/03/18 11:19:12.838 [I] [router.go:269]  /Users/zhanbaohua/webStorm_work/github.com/info_project/back/szyx_back/controllers no changed
2024/03/18 11:19:12.838 [I] [router.go:269]  /Users/zhanbaohua/webStorm_work/github.com/info_project/back/szyx_back/controllers no changed
2024/03/18 11:19:12.839 [I] [router.go:269]  /Users/zhanbaohua/webStorm_work/github.com/info_project/back/szyx_back/controllers no changed
2024/03/18 11:19:12.839 [I] [router.go:269]  /Users/zhanbaohua/webStorm_work/github.com/info_project/back/szyx_back/controllers no changed
2024/03/18 11:19:12.839 [I] [router.go:269]  /Users/zhanbaohua/webStorm_work/github.com/info_project/back/szyx_back/controllers no changed
2024/03/18 11:19:12.840 [I] [router.go:269]  /Users/zhanbaohua/webStorm_work/github.com/info_project/back/szyx_back/controllers no changed
2024/03/18 11:19:12.840 [I] [router.go:269]  /Users/zhanbaohua/webStorm_work/github.com/info_project/back/szyx_back/controllers no changed
2024/03/18 11:19:12.841 [I] [router.go:269]  /Users/zhanbaohua/webStorm_work/github.com/info_project/back/szyx_back/controllers no changed
2024/03/18 11:19:12.841 [I] [router.go:269]  /Users/zhanbaohua/webStorm_work/github.com/info_project/back/szyx_back/controllers no changed
2024/03/18 11:19:12.849 [I] [asm_amd64.s:1581]  http server Running on http://:7001
2024/03/19 14:36:52.789 [I] [proc.go:6498]  ========redis连接初始化========
2024/03/19 14:36:52.884 [I] [parser.go:112]  generate router from comments
2024/03/19 14:36:52.886 [I] [router.go:269]  D:\Git\info_project\back\szyx_back\controllers no changed
2024/03/19 14:38:01.337 [I] [proc.go:6498]  ========redis连接初始化========
2024/03/19 14:38:01.356 [I] [router.go:269]  D:\Git\info_project\back\szyx_back\controllers no changed
2024/03/19 14:38:01.356 [I] [router.go:269]  D:\Git\info_project\back\szyx_back\controllers no changed
2024/03/19 14:38:01.356 [I] [router.go:269]  D:\Git\info_project\back\szyx_back\controllers no changed
2024/03/19 14:38:01.466 [I] [asm_amd64.s:1581]  http server Running on http://:7001
2024/03/19 14:44:24.489 [I] [proc.go:6498]  ========redis连接初始化========
2024/03/19 14:44:24.511 [I] [parser.go:112]  generate router from comments
2024/03/19 14:44:24.513 [I] [router.go:269]  D:\Git\info_project\back\szyx_back\controllers no changed
2024/03/19 14:44:24.513 [I] [router.go:269]  D:\Git\info_project\back\szyx_back\controllers no changed
2024/03/19 14:44:24.621 [I] [asm_amd64.s:1581]  http server Running on http://:7001
2024/03/19 14:58:35.469 [I] [proc.go:6498]  ========redis连接初始化========
2024/03/19 14:58:35.494 [I] [parser.go:112]  generate router from comments
2024/03/19 14:58:35.496 [I] [router.go:269]  D:\Git\info_project\back\szyx_back\controllers no changed
2024/03/19 14:58:35.496 [I] [router.go:269]  D:\Git\info_project\back\szyx_back\controllers no changed
2024/03/19 14:59:14.132 [I] [proc.go:6498]  ========redis连接初始化========
2024/03/19 14:59:14.152 [I] [router.go:269]  D:\Git\info_project\back\szyx_back\controllers no changed
2024/03/19 14:59:14.152 [I] [router.go:269]  D:\Git\info_project\back\szyx_back\controllers no changed
2024/03/19 14:59:14.153 [I] [router.go:269]  D:\Git\info_project\back\szyx_back\controllers no changed
2024/03/19 15:00:00.699 [I] [proc.go:6498]  ========redis连接初始化========
2024/03/19 15:00:00.732 [I] [router.go:269]  D:\Git\info_project\back\szyx_back\controllers no changed
2024/03/19 15:00:00.732 [I] [router.go:269]  D:\Git\info_project\back\szyx_back\controllers no changed
2024/03/19 15:00:00.733 [I] [router.go:269]  D:\Git\info_project\back\szyx_back\controllers no changed
2024/03/19 15:00:00.842 [I] [asm_amd64.s:1581]  http server Running on http://:7001
